Using pre-set license
Built from 'tuanjie/1.8/staging' branch; Version is '2022.3.62t5 (dafb34cd5fa5) revision 14351156'; Using compiler version '192829333'; Build Type 'Release'
OS: 'Windows 11  (10.0.22621) 64bit Core' Language: 'zh' Physical Memory: 16223 MB
BatchMode: 1, IsHumanControllingUs: 0, StartBugReporterOnCrash: 0, Is64bit: 1, IsPro: 1

COMMAND LINE ARGUMENTS:
D:\unity\Editor\2022.3.62t5\Editor\Tuanjie.exe
-adb2
-batchMode
-noUpm
-disableFMOD
-name
AssetImportWorker0
-projectPath
D:/work/AIProject/mmorpg/client
-logFile
Logs/AssetImportWorker0.log
-srvPort
9122
Successfully changed project path to: D:/work/AIProject/mmorpg/client
D:/work/AIProject/mmorpg/client
[Memory] Configuration Parameters - Can be set up in boot.config
    "memorysetup-bucket-allocator-granularity=16"
    "memorysetup-bucket-allocator-bucket-count=8"
    "memorysetup-bucket-allocator-block-size=33554432"
    "memorysetup-bucket-allocator-block-count=8"
    "memorysetup-main-allocator-block-size=16777216"
    "memorysetup-thread-allocator-block-size=16777216"
    "memorysetup-gfx-main-allocator-block-size=16777216"
    "memorysetup-gfx-thread-allocator-block-size=16777216"
    "memorysetup-cache-allocator-block-size=4194304"
    "memorysetup-typetree-allocator-block-size=2097152"
    "memorysetup-profiler-bucket-allocator-granularity=16"
    "memorysetup-profiler-bucket-allocator-bucket-count=8"
    "memorysetup-profiler-bucket-allocator-block-size=33554432"
    "memorysetup-profiler-bucket-allocator-block-count=8"
    "memorysetup-profiler-allocator-block-size=16777216"
    "memorysetup-profiler-editor-allocator-block-size=1048576"
    "memorysetup-temp-allocator-size-main=16777216"
    "memorysetup-job-temp-allocator-block-size=2097152"
    "memorysetup-job-temp-allocator-block-size-background=1048576"
    "memorysetup-job-temp-allocator-reduction-small-platforms=262144"
    "memorysetup-allocator-temp-initial-block-size-main=262144"
    "memorysetup-allocator-temp-initial-block-size-worker=262144"
    "memorysetup-temp-allocator-size-background-worker=32768"
    "memorysetup-temp-allocator-size-job-worker=262144"
    "memorysetup-temp-allocator-size-preload-manager=33554432"
    "memorysetup-temp-allocator-size-nav-mesh-worker=65536"
    "memorysetup-temp-allocator-size-audio-worker=65536"
    "memorysetup-temp-allocator-size-cloud-worker=32768"
    "memorysetup-temp-allocator-size-gi-baking-worker=262144"
    "memorysetup-temp-allocator-size-gfx=262144"
Player connection [397140]  Target information:

Player connection [397140]  * "[IP] 26.26.26.1 [Port] 0 [Flags] 2 [Guid] 2786036893 [EditorId] 2786036893 [Version] 1048832 [Id] WindowsEditor(7,XSH-20230425GEI) [Debug] 1 [PackageName] WindowsEditor [ProjectName] Editor" 

Player connection [397140]  * "[IP] 192.168.1.100 [Port] 0 [Flags] 2 [Guid] 2786036893 [EditorId] 2786036893 [Version] 1048832 [Id] WindowsEditor(7,XSH-20230425GEI) [Debug] 1 [PackageName] WindowsEditor [ProjectName] Editor" 

Player connection [397140] Host joined multi-casting on [225.0.0.222:54997]...
Player connection [397140] Host joined alternative multi-casting on [225.0.0.222:34997]...
Input System module state changed to: Initialized.
AS: AutoStreaming module initializing.
[LiveLink] LiveLink library is loaded successfully. Initializing...
InitScreenManager.Refreshing native plugins compatible for Editor in 4.47 ms, found 3 plugins.
Preloading 0 native plugins for Editor in 0.00 ms.
Initialize engine version: 2022.3.62t5 (dafb34cd5fa5)
[Subsystems] Discovering subsystems at path D:/unity/Editor/2022.3.62t5/Editor/Data/Resources/UnitySubsystems
[Subsystems] Discovering subsystems at path D:/work/AIProject/mmorpg/client/Assets
GfxDevice: creating device client; threaded=0; jobified=0
Direct3D:
    Version:  Direct3D 11.0 [level 11.1]
    Renderer: NVIDIA GeForce RTX 3060 Ti (ID=0x2489)
    Vendor:   NVIDIA
    VRAM:     8024 MB
    Driver:   32.0.15.6094
Initialize mono
Mono path[0] = 'D:/unity/Editor/2022.3.62t5/Editor/Data/Managed'
Mono path[1] = 'D:/unity/Editor/2022.3.62t5/Editor/Data/MonoBleedingEdge/lib/mono/unityjit-win32'
Mono config path = 'D:/unity/Editor/2022.3.62t5/Editor/Data/MonoBleedingEdge/etc'
Using monoOptions --debugger-agent=transport=dt_socket,embedding=1,server=y,suspend=n,address=0.0.0.0:56132
Begin MonoManager ReloadAssembly
Registering precompiled tuanjie dll's ...
Register platform support module: D:/unity/Editor/2022.3.62t5/Editor/Data/PlaybackEngines/AndroidPlayer/UnityEditor.Android.Extensions.dll
Register platform support module: D:/unity/Editor/2022.3.62t5/Editor/Data/PlaybackEngines/WeixinMiniGameSupport/UnityEditor.WeixinMiniGame.Extensions.dll
Register platform support module: D:/unity/Editor/2022.3.62t5/Editor/Data/PlaybackEngines/iOSSupport/UnityEditor.iOS.Extensions.dll
Register platform support module: D:/unity/Editor/2022.3.62t5/Editor/Data/PlaybackEngines/WindowsStandaloneSupport/UnityEditor.WindowsStandalone.Extensions.dll
Registered in 0.003345 seconds.
- Loaded All Assemblies, in  0.235 seconds
Native extension for WindowsStandalone target not found
[usbmuxd] Start listen thread
[usbmuxd] Listen thread started
Native extension for iOS target not found
Native extension for WeixinMiniGame target not found
Native extension for Android target not found
Android Extension - Scanning For ADB Devices 331 ms
Mono: successfully reloaded assembly
- Finished resetting the current domain, in  0.520 seconds
Domain Reload Profiling: 755ms
	BeginReloadAssembly (68ms)
		ExecutionOrderSort (0ms)
		DisableScriptedObjects (0ms)
		BackupInstance (0ms)
		ReleaseScriptingObjects (0ms)
		CreateAndSetChildDomain (1ms)
	RebuildCommonClasses (23ms)
	RebuildNativeTypeToScriptingClass (8ms)
	initialDomainReloadingComplete (33ms)
	LoadAllAssembliesAndSetupDomain (103ms)
		LoadAssemblies (69ms)
		RebuildTransferFunctionScriptingTraits (0ms)
		AnalyzeDomain (101ms)
			TypeCache.Refresh (100ms)
				TypeCache.ScanAssembly (90ms)
			ScanForSourceGeneratedMonoScriptInfo (0ms)
			ResolveRequiredComponents (0ms)
	FinalizeReload (520ms)
		ReleaseScriptCaches (0ms)
		RebuildScriptCaches (0ms)
		SetupLoadedEditorAssemblies (491ms)
			LogAssemblyErrors (0ms)
			InitializePlatformSupportModulesInManaged (381ms)
			SetLoadedEditorAssemblies (3ms)
			RefreshPlugins (0ms)
			BeforeProcessingInitializeOnLoad (2ms)
			ProcessInitializeOnLoadAttributes (87ms)
			ProcessInitializeOnLoadMethodAttributes (19ms)
			AfterProcessingInitializeOnLoad (0ms)
			EditorAssembliesLoaded (0ms)
		ExecutionOrderSort2 (0ms)
		AwakeInstancesAfterBackupRestoration (0ms)
========================================================================
Worker process is ready to serve import requests
Caller must complete domain reload
Begin MonoManager ReloadAssembly
- Loaded All Assemblies, in  0.425 seconds
Native extension for WindowsStandalone target not found
Native extension for iOS target not found
Native extension for WeixinMiniGame target not found
Native extension for Android target not found
Package Manager log level set to [2]
[Package Manager] Server::EnsureServerProcessIsRunning -- launch failed, reason: Unity was launched with the -noUpm command-line argument
[Package Manager] UpmClient::Send -- Unable to send message (not connected to UPM process).
[Package Manager] Cannot connect to Unity Package Manager local server
Mono: successfully reloaded assembly
- Finished resetting the current domain, in  0.419 seconds
Domain Reload Profiling: 843ms
	BeginReloadAssembly (86ms)
		ExecutionOrderSort (0ms)
		DisableScriptedObjects (3ms)
		BackupInstance (0ms)
		ReleaseScriptingObjects (0ms)
		CreateAndSetChildDomain (14ms)
	RebuildCommonClasses (23ms)
	RebuildNativeTypeToScriptingClass (8ms)
	initialDomainReloadingComplete (22ms)
	LoadAllAssembliesAndSetupDomain (286ms)
		LoadAssemblies (210ms)
		RebuildTransferFunctionScriptingTraits (0ms)
		AnalyzeDomain (129ms)
			TypeCache.Refresh (110ms)
				TypeCache.ScanAssembly (98ms)
			ScanForSourceGeneratedMonoScriptInfo (11ms)
			ResolveRequiredComponents (6ms)
	FinalizeReload (419ms)
		ReleaseScriptCaches (0ms)
		RebuildScriptCaches (0ms)
		SetupLoadedEditorAssemblies (324ms)
			LogAssemblyErrors (0ms)
			InitializePlatformSupportModulesInManaged (15ms)
			SetLoadedEditorAssemblies (2ms)
			RefreshPlugins (0ms)
			BeforeProcessingInitializeOnLoad (38ms)
			ProcessInitializeOnLoadAttributes (234ms)
			ProcessInitializeOnLoadMethodAttributes (34ms)
			AfterProcessingInitializeOnLoad (1ms)
			EditorAssembliesLoaded (0ms)
		ExecutionOrderSort2 (0ms)
		AwakeInstancesAfterBackupRestoration (6ms)
Refreshing native plugins compatible for Editor in 2.09 ms, found 3 plugins.
Preloading 0 native plugins for Editor in 0.00 ms.
Unloading 4989 Unused Serialized files (Serialized files now loaded: 0)
Unloading 34 unused Assets / (0.8 MB). Loaded Objects now: 5465.
Memory consumption went from 175.0 MB to 174.3 MB.
Total: 2.566900 ms (FindLiveObjects: 0.194200 ms CreateObjectMapping: 0.080400 ms MarkObjects: 2.045100 ms  DeleteObjects: 0.245500 ms)

AssetImportParameters requested are different than current active one (requested -> active):
  custom:container-demuxer-ogg: 62fdf1f143b41e24485cea50d1cbac27 -> 
  custom:video-codec-MediaFoundation-h265: 746d11721c4dcdbdad8f713fa42b33f4 -> 
  custom:video-decoder-ogg-theora: a1e56fd34408186e4bbccfd4996cb3dc -> 
  custom:framework-win-MediaFoundation: 216162199b28c13a410421893ffa2e32 -> 
  custom:CustomObjectIndexerAttribute: f1b99f4b41accd8c7519ffbcf00fecd9 -> 
  custom:container-demuxer-webm: 4f35f7cbe854078d1ac9338744f61a02 -> 
  custom:container-muxer-webm: aa71ff27fc2769a1b78a27578f13a17b -> 
  custom:video-decoder-webm-vp8: 9c59270c3fd7afecdb556c50c9e8de78 -> 
  custom:SearchIndexIgnoredProperties: e643bd26f0fe6173181afceb89e7c659 -> 
  custom:AudioImporter_EditorPlatform: d09bf68614088b80899f8185d706f6e7 -> 
  custom:video-encoder-webm-vp8: eb34c28f22e8b96e1ab97ce403110664 -> 
  custom:audio-decoder-ogg-vorbis: bf7c407c2cedff20999df2af8eb42d56 -> 
  custom:audio-encoder-webm-vorbis: bf7c407c2cedff20999df2af8eb42d56 -> 
========================================================================
Received Import Request.
  Time since last request: 717183.373395 seconds.
  path: Assets/GameAssets
  artifactKey: Guid(d6886136aa85afb4a8775f56ad4c6ff2) Importer(PreviewImporter)
Start importing Assets/GameAssets using Guid(d6886136aa85afb4a8775f56ad4c6ff2) Importer(PreviewImporter)  -> (artifact id: 'd3352c51ac0d758fd10c00e9c01e2505') in 0.002220 seconds
Number of asset objects unloaded after import = 0
========================================================================
Received Import Request.
  Time since last request: 53.117576 seconds.
  path: Assets/GameAssets/Common
  artifactKey: Guid(796389f19a37b6d4a945b5b469677948) Importer(PreviewImporter)
Start importing Assets/GameAssets/Common using Guid(796389f19a37b6d4a945b5b469677948) Importer(PreviewImporter)  -> (artifact id: 'b66d1f842ec846b1c1cd1567ed4b526d') in 0.000592 seconds
Number of asset objects unloaded after import = 0
========================================================================
Received Import Request.
  Time since last request: 31.119899 seconds.
  path: Assets/GameAssets/UI
  artifactKey: Guid(bd74acc70643f294b99898f6e6ec044d) Importer(PreviewImporter)
Start importing Assets/GameAssets/UI using Guid(bd74acc70643f294b99898f6e6ec044d) Importer(PreviewImporter)  -> (artifact id: 'eba05c1f4e96623acf14cb6905bbb8da') in 0.000397 seconds
Number of asset objects unloaded after import = 0
========================================================================
Received Import Request.
  Time since last request: 7.533560 seconds.
  path: Assets/GameAssets/UI/Login
  artifactKey: Guid(923a7888706697f4c98a09a237380376) Importer(PreviewImporter)
Start importing Assets/GameAssets/UI/Login using Guid(923a7888706697f4c98a09a237380376) Importer(PreviewImporter)  -> (artifact id: '34ab780d29b90a04ac8574d3546a3195') in 0.000304 seconds
Number of asset objects unloaded after import = 0
========================================================================
Received Import Request.
  Time since last request: 23.468407 seconds.
  path: Assets/GameAssets/UI/Login/Prefab
  artifactKey: Guid(2205ea1cd43331e45918c28a603c9744) Importer(PreviewImporter)
Start importing Assets/GameAssets/UI/Login/Prefab using Guid(2205ea1cd43331e45918c28a603c9744) Importer(PreviewImporter)  -> (artifact id: 'ed21765e5b73813faa31636aa618336e') in 0.000317 seconds
Number of asset objects unloaded after import = 0
========================================================================
Received Import Request.
  Time since last request: 9.570058 seconds.
  path: Assets/GameAssets/UI/Login/Atlas
  artifactKey: Guid(c5c1dd974c014da44ac62ca917000b8e) Importer(PreviewImporter)
Start importing Assets/GameAssets/UI/Login/Atlas using Guid(c5c1dd974c014da44ac62ca917000b8e) Importer(PreviewImporter)  -> (artifact id: '40358aa408b410cc5bbd08fa2c3d5e46') in 0.000294 seconds
Number of asset objects unloaded after import = 0
========================================================================
Received Import Request.
  Time since last request: 43.880036 seconds.
  path: Assets/Scripts/UI
  artifactKey: Guid(df079879139aca64c87013e211db4de8) Importer(PreviewImporter)
Start importing Assets/Scripts/UI using Guid(df079879139aca64c87013e211db4de8) Importer(PreviewImporter)  -> (artifact id: 'ff7f42d8ca6c46d43bdfa87cdbbea4c4') in 0.000304 seconds
Number of asset objects unloaded after import = 0
========================================================================
Received Import Request.
  Time since last request: 8.880836 seconds.
  path: Assets/Scripts/UI/Login
  artifactKey: Guid(f1dbefd49199c3b43b1a33748bdf77eb) Importer(PreviewImporter)
Start importing Assets/Scripts/UI/Login using Guid(f1dbefd49199c3b43b1a33748bdf77eb) Importer(PreviewImporter)  -> (artifact id: '724de615dfe740307b8916273aaac4f9') in 0.000297 seconds
Number of asset objects unloaded after import = 0
========================================================================
Received Import Request.
  Time since last request: 207.156727 seconds.
  path: Assets/GameAssets/UI/Login/Atlas/Canvas.prefab
  artifactKey: Guid(761a06c663800b646afd7ad8c4aad5fd) Importer(PreviewImporter)
Start importing Assets/GameAssets/UI/Login/Atlas/Canvas.prefab using Guid(761a06c663800b646afd7ad8c4aad5fd) Importer(PreviewImporter)  -> (artifact id: '9a849296a5d3c894df82501c6a4a453d') in 0.020535 seconds
Number of asset objects unloaded after import = 11
========================================================================
Received Import Request.
  Time since last request: 4.983522 seconds.
  path: Assets/GameAssets/UI/Login/Atlas/Login.prefab
  artifactKey: Guid(761a06c663800b646afd7ad8c4aad5fd) Importer(PreviewImporter)
Start importing Assets/GameAssets/UI/Login/Atlas/Login.prefab using Guid(761a06c663800b646afd7ad8c4aad5fd) Importer(PreviewImporter)  -> (artifact id: '7f7916ce8b4269a784e37e0ed9d8736b') in 0.001334 seconds
Number of asset objects unloaded after import = 11
========================================================================
Received Prepare
Caller must complete domain reload
Begin MonoManager ReloadAssembly
- Loaded All Assemblies, in  1.993 seconds
Native extension for WindowsStandalone target not found
Native extension for iOS target not found
Native extension for WeixinMiniGame target not found
Native extension for Android target not found
[Package Manager] Server::EnsureServerProcessIsRunning -- launch failed, reason: Unity was launched with the -noUpm command-line argument
[Package Manager] UpmClient::Send -- Unable to send message (not connected to UPM process).
[Package Manager] Cannot connect to Unity Package Manager local server
Mono: successfully reloaded assembly
- Finished resetting the current domain, in 11.811 seconds
Domain Reload Profiling: 13804ms
	BeginReloadAssembly (165ms)
		ExecutionOrderSort (0ms)
		DisableScriptedObjects (4ms)
		BackupInstance (0ms)
		ReleaseScriptingObjects (0ms)
		CreateAndSetChildDomain (40ms)
	RebuildCommonClasses (40ms)
	RebuildNativeTypeToScriptingClass (16ms)
	initialDomainReloadingComplete (27ms)
	LoadAllAssembliesAndSetupDomain (1745ms)
		LoadAssemblies (1806ms)
		RebuildTransferFunctionScriptingTraits (0ms)
		AnalyzeDomain (40ms)
			TypeCache.Refresh (11ms)
				TypeCache.ScanAssembly (1ms)
			ScanForSourceGeneratedMonoScriptInfo (19ms)
			ResolveRequiredComponents (10ms)
	FinalizeReload (11811ms)
		ReleaseScriptCaches (0ms)
		RebuildScriptCaches (0ms)
		SetupLoadedEditorAssemblies (437ms)
			LogAssemblyErrors (0ms)
			InitializePlatformSupportModulesInManaged (25ms)
			SetLoadedEditorAssemblies (3ms)
			RefreshPlugins (0ms)
			BeforeProcessingInitializeOnLoad (55ms)
			ProcessInitializeOnLoadAttributes (305ms)
			ProcessInitializeOnLoadMethodAttributes (47ms)
			AfterProcessingInitializeOnLoad (2ms)
			EditorAssembliesLoaded (0ms)
		ExecutionOrderSort2 (0ms)
		AwakeInstancesAfterBackupRestoration (19ms)
Refreshing native plugins compatible for Editor in 4.91 ms, found 3 plugins.
Preloading 0 native plugins for Editor in 0.00 ms.
Unloading 4880 Unused Serialized files (Serialized files now loaded: 0)
Unloading 42 unused Assets / (1.4 MB). Loaded Objects now: 5504.
Memory consumption went from 158.2 MB to 156.8 MB.
Total: 2.633300 ms (FindLiveObjects: 0.265700 ms CreateObjectMapping: 0.117500 ms MarkObjects: 1.935400 ms  DeleteObjects: 0.313500 ms)

AssetImportParameters requested are different than current active one (requested -> active):
  custom:scripting/monoscript/fileName/SkewTextExample.cs: c142d02d70a129e0533975f7c2f96956 -> 
  custom:container-demuxer-ogg: 62fdf1f143b41e24485cea50d1cbac27 -> 
  custom:scripting/monoscript/fileName/TMP_TextEventHandler.cs: f5cd9d5a43bfefc8f4fec80e6de896a4 -> 
  custom:scripting/monoscript/fileName/TextMeshProFloatingText.cs: 92608fa4a6315cd0786d82205e77b697 -> 
  custom:scripting/monoscript/fileName/VertexZoom.cs: 650ab1e81d40126e3edcf737cce646e4 -> 
  custom:video-codec-MediaFoundation-h265: 746d11721c4dcdbdad8f713fa42b33f4 -> 
  custom:scripting/monoscript/fileName/VertexShakeA.cs: 63ec564c588058369499638dd899e05b -> 
  custom:scripting/monoscript/fileName/TMP_ExampleScript_01.cs: a9d4be556104ff54e7d240529b3e01dc -> 
  custom:video-decoder-ogg-theora: a1e56fd34408186e4bbccfd4996cb3dc -> 
  custom:scripting/monoscript/fileName/TMP_TextEventCheck.cs: 13505d917eab5868c435e0c2986dadfa -> 
  custom:scripting/monoscript/fileName/TMP_TextSelector_B.cs: ba2be21a7486d37b1011342977a2e49d -> 
  custom:scripting/monoscript/fileName/Benchmark01.cs: 2d3e2cd961730ab95f139a49a673bace -> 
  custom:framework-win-MediaFoundation: 216162199b28c13a410421893ffa2e32 -> 
  custom:scripting/monoscript/fileName/Benchmark02.cs: 5640963252ce70910e726415f869ced6 -> 
  custom:scripting/monoscript/fileName/DropdownSample.cs: 0a92251794e5f10400149f96c3c59e5d -> 
  custom:scripting/monoscript/fileName/WarpTextExample.cs: 2663459c266363641981c7d17b698d7f -> 
  custom:CustomObjectIndexerAttribute: f1b99f4b41accd8c7519ffbcf00fecd9 -> 
  custom:container-demuxer-webm: 4f35f7cbe854078d1ac9338744f61a02 -> 
  custom:scripting/monoscript/fileName/ChatController.cs: 876d5ccae6e345dd5d9450eb0a748f16 -> 
  custom:scripting/monoscript/fileName/TextMeshSpawner.cs: 76f28e2ddb031571e6ec62b018f65fa8 -> 
  custom:scripting/monoscript/fileName/TeleType.cs: 31fa97821c4c70f157ec81d507aa6b62 -> 
  custom:scripting/monoscript/fileName/Benchmark04.cs: 32220b148620e52aa81c13a114862bf4 -> 
  custom:container-muxer-webm: aa71ff27fc2769a1b78a27578f13a17b -> 
  custom:video-decoder-webm-vp8: 9c59270c3fd7afecdb556c50c9e8de78 -> 
  custom:scripting/monoscript/fileName/TMP_PhoneNumberValidator.cs: 7c3049f481e464c6a9a15dee56c3126f -> 
  custom:SearchIndexIgnoredProperties: e643bd26f0fe6173181afceb89e7c659 -> 
  custom:AudioImporter_EditorPlatform: d09bf68614088b80899f8185d706f6e7 -> 
  custom:scripting/monoscript/fileName/EnvMapAnimator.cs: 1b4f61c17e4b7283c3ac351aacff9d26 -> 
  custom:scripting/monoscript/fileName/ShaderPropAnimator.cs: 55ce425812446482e623ff2695c94cb2 -> 
  custom:scripting/monoscript/fileName/SimpleScript.cs: 454caab0c6c050f29b39d82e1d66d0fa -> 
  custom:scripting/monoscript/fileName/ObjectSpin.cs: 2b96bb2079dd7fa5108d981627a28e1e -> 
  custom:scripting/monoscript/fileName/CameraController.cs: 1daac0040b3fce2177f6ca4f90eb8c5b -> 90f26c7c63924735c23c826b8a781463
  custom:scripting/monoscript/fileName/TMP_TextInfoDebugTool.cs: 3f1709cfb2cc628169113a35b5e9be3f -> 
  custom:scripting/monoscript/fileName/TMP_TextSelector_A.cs: 347309a09d56e367b188a6978f75b424 -> 
  custom:video-encoder-webm-vp8: eb34c28f22e8b96e1ab97ce403110664 -> 
  custom:audio-decoder-ogg-vorbis: bf7c407c2cedff20999df2af8eb42d56 -> 
  custom:scripting/monoscript/fileName/VertexJitter.cs: d27eb5498e48714a66aece98da065133 -> 
  custom:scripting/monoscript/fileName/TextConsoleSimulator.cs: 33fc311abb20b5b0ed8f00e4d86b574e -> 
  custom:scripting/monoscript/fileName/VertexColorCycler.cs: 5f984ca91cf3609293aecc6bc5641572 -> 
  custom:scripting/monoscript/fileName/TMP_FrameRateCounter.cs: 46f655df8cb483ac5958307137b1585a -> 
  custom:scripting/monoscript/fileName/VertexShakeB.cs: a6f78c4fcda1a29a1a1c1baefedba9e7 -> 
  custom:scripting/monoscript/fileName/TMP_UiFrameRateCounter.cs: b01021aea19247f14a98ab338907956a -> 
  custom:scripting/monoscript/fileName/TMPro_InstructionOverlay.cs: b626d2270e6ebd5c4311585c18b58d8d -> 
  custom:scripting/monoscript/fileName/TMP_DigitValidator.cs: ac02af96215ae3951a3cce9e1a8c6085 -> 
  custom:audio-encoder-webm-vorbis: bf7c407c2cedff20999df2af8eb42d56 -> 
  custom:scripting/monoscript/fileName/Benchmark01_UGUI.cs: 6148cfe2627b7708298f301788144139 -> 
  custom:scripting/precompiled-assembly-types:Assembly-CSharp: 974698ac23c8758bdde15eabb27ab6a8 -> 20cdaaa988618e7c32f4baf96f88c255
  custom:scripting/monoscript/fileName/Benchmark03.cs: 17cc87e0529ac71d909a946afb47a274 -> 
========================================================================
Received Prepare
Caller must complete domain reload
Begin MonoManager ReloadAssembly
- Loaded All Assemblies, in  0.463 seconds
Native extension for WindowsStandalone target not found
Native extension for iOS target not found
Native extension for WeixinMiniGame target not found
Native extension for Android target not found
[Package Manager] Server::EnsureServerProcessIsRunning -- launch failed, reason: Unity was launched with the -noUpm command-line argument
[Package Manager] UpmClient::Send -- Unable to send message (not connected to UPM process).
[Package Manager] Cannot connect to Unity Package Manager local server
Mono: successfully reloaded assembly
- Finished resetting the current domain, in  1.256 seconds
Domain Reload Profiling: 1719ms
	BeginReloadAssembly (150ms)
		ExecutionOrderSort (0ms)
		DisableScriptedObjects (4ms)
		BackupInstance (0ms)
		ReleaseScriptingObjects (0ms)
		CreateAndSetChildDomain (39ms)
	RebuildCommonClasses (32ms)
	RebuildNativeTypeToScriptingClass (14ms)
	initialDomainReloadingComplete (27ms)
	LoadAllAssembliesAndSetupDomain (238ms)
		LoadAssemblies (264ms)
		RebuildTransferFunctionScriptingTraits (0ms)
		AnalyzeDomain (49ms)
			TypeCache.Refresh (13ms)
				TypeCache.ScanAssembly (2ms)
			ScanForSourceGeneratedMonoScriptInfo (24ms)
			ResolveRequiredComponents (11ms)
	FinalizeReload (1257ms)
		ReleaseScriptCaches (0ms)
		RebuildScriptCaches (0ms)
		SetupLoadedEditorAssemblies (438ms)
			LogAssemblyErrors (0ms)
			InitializePlatformSupportModulesInManaged (26ms)
			SetLoadedEditorAssemblies (2ms)
			RefreshPlugins (0ms)
			BeforeProcessingInitializeOnLoad (52ms)
			ProcessInitializeOnLoadAttributes (305ms)
			ProcessInitializeOnLoadMethodAttributes (48ms)
			AfterProcessingInitializeOnLoad (4ms)
			EditorAssembliesLoaded (0ms)
		ExecutionOrderSort2 (0ms)
		AwakeInstancesAfterBackupRestoration (20ms)
Refreshing native plugins compatible for Editor in 1.67 ms, found 3 plugins.
Preloading 0 native plugins for Editor in 0.00 ms.
Unloading 4899 Unused Serialized files (Serialized files now loaded: 0)
Unloading 42 unused Assets / (1.4 MB). Loaded Objects now: 5527.
Memory consumption went from 158.6 MB to 157.2 MB.
Total: 2.120200 ms (FindLiveObjects: 0.187700 ms CreateObjectMapping: 0.065800 ms MarkObjects: 1.552600 ms  DeleteObjects: 0.313300 ms)

AssetImportParameters requested are different than current active one (requested -> active):
  custom:scripting/monoscript/fileName/SkewTextExample.cs: c142d02d70a129e0533975f7c2f96956 -> 
  custom:container-demuxer-ogg: 62fdf1f143b41e24485cea50d1cbac27 -> 
  custom:scripting/monoscript/fileName/TMP_TextEventHandler.cs: f5cd9d5a43bfefc8f4fec80e6de896a4 -> 
  custom:scripting/monoscript/fileName/TextMeshProFloatingText.cs: 92608fa4a6315cd0786d82205e77b697 -> 
  custom:scripting/monoscript/fileName/PreloadGroupConfig.cs: e9812a9f7b6f8c8d7c2f919b55b71883 -> 
  custom:scripting/monoscript/fileName/BundleDebugModels.cs: 4e5bf18ce9e3fe5346b835c212a0b2a4 -> 
  custom:scripting/monoscript/fileName/VertexZoom.cs: 650ab1e81d40126e3edcf737cce646e4 -> 
  custom:scripting/monoscript/fileName/IBundlePackageService.cs: f1805bca724acd091c04daffc1cb2b94 -> 
  custom:video-codec-MediaFoundation-h265: 746d11721c4dcdbdad8f713fa42b33f4 -> 
  custom:scripting/monoscript/fileName/VertexShakeA.cs: 63ec564c588058369499638dd899e05b -> 
  custom:scripting/monoscript/fileName/TMP_ExampleScript_01.cs: a9d4be556104ff54e7d240529b3e01dc -> 
  custom:video-decoder-ogg-theora: a1e56fd34408186e4bbccfd4996cb3dc -> 
  custom:scripting/monoscript/fileName/TMP_TextEventCheck.cs: 13505d917eab5868c435e0c2986dadfa -> 
  custom:scripting/monoscript/fileName/TMP_TextSelector_B.cs: ba2be21a7486d37b1011342977a2e49d -> 
  custom:scripting/monoscript/fileName/Benchmark01.cs: 2d3e2cd961730ab95f139a49a673bace -> 
  custom:framework-win-MediaFoundation: 216162199b28c13a410421893ffa2e32 -> 
  custom:scripting/monoscript/fileName/Benchmark02.cs: 5640963252ce70910e726415f869ced6 -> 
  custom:scripting/monoscript/fileName/DropdownSample.cs: 0a92251794e5f10400149f96c3c59e5d -> 
  custom:scripting/monoscript/fileName/WarpTextExample.cs: 2663459c266363641981c7d17b698d7f -> 
  custom:scripting/monoscript/fileName/PreloadService.cs: 33626fbef981e65bdd8ef83607a6439f -> 
  custom:CustomObjectIndexerAttribute: f1b99f4b41accd8c7519ffbcf00fecd9 -> 
  custom:scripting/monoscript/fileName/AssetHandle.cs: 90647cc400823b41df847a6cbfc29026 -> 
  custom:container-demuxer-webm: 4f35f7cbe854078d1ac9338744f61a02 -> 
  custom:scripting/monoscript/fileName/ChatController.cs: 876d5ccae6e345dd5d9450eb0a748f16 -> 
  custom:scripting/monoscript/fileName/BundlePathUtility.cs: 7fa04dcd192d9057c7e3d84aba0854c2 -> 
  custom:scripting/monoscript/fileName/TextMeshSpawner.cs: 76f28e2ddb031571e6ec62b018f65fa8 -> 
  custom:scripting/monoscript/fileName/TeleType.cs: 31fa97821c4c70f157ec81d507aa6b62 -> 
  custom:scripting/monoscript/fileName/AssetBundleBuilder.cs: f90071032889d449e02b0343491e2b27 -> 
  custom:scripting/monoscript/fileName/Benchmark04.cs: 32220b148620e52aa81c13a114862bf4 -> 
  custom:container-muxer-webm: aa71ff27fc2769a1b78a27578f13a17b -> 
  custom:scripting/monoscript/fileName/LocalBundlePackageService.cs: 0f59d2817fd6fb81f32ca266102d9bac -> 
  custom:video-decoder-webm-vp8: 9c59270c3fd7afecdb556c50c9e8de78 -> 
  custom:scripting/monoscript/fileName/TMP_PhoneNumberValidator.cs: 7c3049f481e464c6a9a15dee56c3126f -> 
  custom:SearchIndexIgnoredProperties: e643bd26f0fe6173181afceb89e7c659 -> 
  custom:AudioImporter_EditorPlatform: d09bf68614088b80899f8185d706f6e7 -> 
  custom:scripting/monoscript/fileName/EnvMapAnimator.cs: 1b4f61c17e4b7283c3ac351aacff9d26 -> 
  custom:scripting/monoscript/fileName/PreloadGroupConfigValidator.cs: 1d04f2331f5c110bfed45a1e9d757c49 -> 
  custom:scripting/monoscript/fileName/ShaderPropAnimator.cs: 55ce425812446482e623ff2695c94cb2 -> 
  custom:scripting/monoscript/fileName/SimpleScript.cs: 454caab0c6c050f29b39d82e1d66d0fa -> 
  custom:scripting/monoscript/fileName/ObjectSpin.cs: 2b96bb2079dd7fa5108d981627a28e1e -> 
  custom:scripting/monoscript/fileName/CameraController.cs: 1daac0040b3fce2177f6ca4f90eb8c5b -> 90f26c7c63924735c23c826b8a781463
  custom:scripting/monoscript/fileName/TMP_TextInfoDebugTool.cs: 3f1709cfb2cc628169113a35b5e9be3f -> 
  custom:scripting/monoscript/fileName/AssetBundleManager.cs: 5aaf74286d70af8c767710bad82274b4 -> 
  custom:scripting/monoscript/fileName/AssetAddressConfig.cs: 0c531e8aec5cf745c6bdd2e36b520b61 -> 
  custom:scripting/monoscript/fileName/AssetAddressConfigValidator.cs: d53fb8343e9c87689279833861cf1f62 -> 
  custom:scripting/monoscript/fileName/TMP_TextSelector_A.cs: 347309a09d56e367b188a6978f75b424 -> 
  custom:video-encoder-webm-vp8: eb34c28f22e8b96e1ab97ce403110664 -> 
  custom:audio-decoder-ogg-vorbis: bf7c407c2cedff20999df2af8eb42d56 -> 
  custom:scripting/monoscript/fileName/VertexJitter.cs: d27eb5498e48714a66aece98da065133 -> 
  custom:scripting/monoscript/fileName/TextConsoleSimulator.cs: 33fc311abb20b5b0ed8f00e4d86b574e -> 
  custom:scripting/monoscript/fileName/VertexColorCycler.cs: 5f984ca91cf3609293aecc6bc5641572 -> 
  custom:scripting/monoscript/fileName/TMP_FrameRateCounter.cs: 46f655df8cb483ac5958307137b1585a -> 
  custom:scripting/monoscript/fileName/VertexShakeB.cs: a6f78c4fcda1a29a1a1c1baefedba9e7 -> 
  custom:scripting/monoscript/fileName/SceneAddress.cs: beff69220f8ab8f37ac61e4072b9b750 -> 
  custom:scripting/monoscript/fileName/TMP_UiFrameRateCounter.cs: b01021aea19247f14a98ab338907956a -> 
  custom:scripting/monoscript/fileName/GameAssetService.cs: aecd6f08ab0fc564a870ac749f83e970 -> 
  custom:scripting/monoscript/fileName/AssetAddress.cs: 0a267fa0df9d3606b2bf0b2f98412595 -> 
  custom:scripting/monoscript/fileName/TMPro_InstructionOverlay.cs: b626d2270e6ebd5c4311585c18b58d8d -> 
  custom:scripting/monoscript/fileName/BundleLogger.cs: da04ded7d151e33e43f117741536d806 -> 
  custom:scripting/monoscript/fileName/TMP_DigitValidator.cs: ac02af96215ae3951a3cce9e1a8c6085 -> 
  custom:audio-encoder-webm-vorbis: bf7c407c2cedff20999df2af8eb42d56 -> 
  custom:scripting/monoscript/fileName/Benchmark01_UGUI.cs: 6148cfe2627b7708298f301788144139 -> 
  custom:scripting/monoscript/fileName/BundleSceneLoader.cs: 25a8c6f6a4a99f43207c8fd423c4d3c3 -> 
  custom:scripting/monoscript/fileName/BundleException.cs: cd8393b1c526862d51ae517d9996b031 -> 
  custom:scripting/precompiled-assembly-types:Assembly-CSharp: 8d14014cab7c4cceeb4a5856c74c2d62 -> 20cdaaa988618e7c32f4baf96f88c255
  custom:scripting/monoscript/fileName/Benchmark03.cs: 17cc87e0529ac71d909a946afb47a274 -> 
========================================================================
Received Import Request.
  Time since last request: 2416.104658 seconds.
  path: Assets/Scripts/Core/Bundle/AssetAddress.cs
  artifactKey: Guid(39a048f1f6272a64b9e9e8da87e8e7f8) Importer(PreviewImporter)
Start importing Assets/Scripts/Core/Bundle/AssetAddress.cs using Guid(39a048f1f6272a64b9e9e8da87e8e7f8) Importer(PreviewImporter)  -> (artifact id: '56301b284ce0153b8077ba4ed8141cc6') in 0.001796 seconds
Number of asset objects unloaded after import = 0
========================================================================
Received Import Request.
  Time since last request: 0.558549 seconds.
  path: Assets/Scripts/Core/Bundle/AssetAddressConfig.cs
  artifactKey: Guid(d747092fb2e3d094fa6fa0179285c499) Importer(PreviewImporter)
Start importing Assets/Scripts/Core/Bundle/AssetAddressConfig.cs using Guid(d747092fb2e3d094fa6fa0179285c499) Importer(PreviewImporter)  -> (artifact id: '2cf0e7eda9d566896c5a1c6c2c0a3fc5') in 0.000375 seconds
Number of asset objects unloaded after import = 0
========================================================================
Received Import Request.
  Time since last request: 0.454712 seconds.
  path: Assets/Scripts/Core/Bundle/AssetAddressConfigValidator.cs
  artifactKey: Guid(f956524a6824d294f8a597e3b30173c9) Importer(PreviewImporter)
Start importing Assets/Scripts/Core/Bundle/AssetAddressConfigValidator.cs using Guid(f956524a6824d294f8a597e3b30173c9) Importer(PreviewImporter)  -> (artifact id: '2cc581715a4b2b97dd4c91d96dbd8715') in 0.000315 seconds
Number of asset objects unloaded after import = 0
========================================================================
Received Import Request.
  Time since last request: 0.801682 seconds.
  path: Assets/Scripts/Core/Bundle/AssetBundleManager.cs
  artifactKey: Guid(dde33f19737306942a387280f3c5c78c) Importer(PreviewImporter)
Start importing Assets/Scripts/Core/Bundle/AssetBundleManager.cs using Guid(dde33f19737306942a387280f3c5c78c) Importer(PreviewImporter)  -> (artifact id: '952daeb9ae84f0c4bac9f2deac5aa1a6') in 0.000316 seconds
Number of asset objects unloaded after import = 0
========================================================================
Received Import Request.
  Time since last request: 0.471429 seconds.
  path: Assets/Scripts/Core/Bundle/BundleErrorCode.cs
  artifactKey: Guid(782eb716f9d1a83429fc69e7b931ce44) Importer(PreviewImporter)
Start importing Assets/Scripts/Core/Bundle/BundleErrorCode.cs using Guid(782eb716f9d1a83429fc69e7b931ce44) Importer(PreviewImporter)  -> (artifact id: 'c5063cbb0e05db3af26a701b2a6ecbd3') in 0.000347 seconds
Number of asset objects unloaded after import = 0
========================================================================
Received Import Request.
  Time since last request: 1847.750318 seconds.
  path: Assets/GameAssets/Scenes
  artifactKey: Guid(7414d3a10e39bdd4bb147678d8f1a7e5) Importer(PreviewImporter)
Start importing Assets/GameAssets/Scenes using Guid(7414d3a10e39bdd4bb147678d8f1a7e5) Importer(PreviewImporter)  -> (artifact id: '5bb413cd8a0f975b75c1dd3a9e4eb859') in 0.000307 seconds
Number of asset objects unloaded after import = 0
========================================================================
Received Import Request.
  Time since last request: 73.579349 seconds.
  path: Assets/Scenes/pre.scene
  artifactKey: Guid(0f3a105ef607a54438c2afb7d9aca7f4) Importer(PreviewImporter)
Start importing Assets/Scenes/pre.scene using Guid(0f3a105ef607a54438c2afb7d9aca7f4) Importer(PreviewImporter)  -> (artifact id: '15bf1a673240b749c23dfba8d1198419') in 0.000281 seconds
Number of asset objects unloaded after import = 0
========================================================================
Received Import Request.
  Time since last request: 0.355868 seconds.
  path: Assets/Scenes/SampleScene.scene
  artifactKey: Guid(99c9720ab356a0642a771bea13969a05) Importer(PreviewImporter)
Start importing Assets/Scenes/SampleScene.scene using Guid(99c9720ab356a0642a771bea13969a05) Importer(PreviewImporter)  -> (artifact id: 'c0b43c6e1a8677b45e61afe9b4a844e3') in 0.000324 seconds
Number of asset objects unloaded after import = 0
========================================================================
Received Import Request.
  Time since last request: 12.187639 seconds.
  path: Assets/Scripts
  artifactKey: Guid(d111378d584302e4fabf40a6dc564071) Importer(PreviewImporter)
Start importing Assets/Scripts using Guid(d111378d584302e4fabf40a6dc564071) Importer(PreviewImporter)  -> (artifact id: 'e6285423d9ac0ad4ee266b12fd869c41') in 0.000341 seconds
Number of asset objects unloaded after import = 0
========================================================================
Received Import Request.
  Time since last request: 0.337159 seconds.
  path: Assets/Settings
  artifactKey: Guid(709f11a7f3c4041caa4ef136ea32d874) Importer(PreviewImporter)
Start importing Assets/Settings using Guid(709f11a7f3c4041caa4ef136ea32d874) Importer(PreviewImporter)  -> (artifact id: 'fc23d63ff66f9a2d95089cc26ce2dcc0') in 0.000422 seconds
Number of asset objects unloaded after import = 0
========================================================================
Received Import Request.
  Time since last request: 0.358969 seconds.
  path: Assets/TextMesh Pro
  artifactKey: Guid(f54d1bd14bd3ca042bd867b519fee8cc) Importer(PreviewImporter)
Start importing Assets/TextMesh Pro using Guid(f54d1bd14bd3ca042bd867b519fee8cc) Importer(PreviewImporter)  -> (artifact id: 'a2610740c9acd3546c5c6cafc47a94f8') in 0.000368 seconds
Number of asset objects unloaded after import = 0
========================================================================
Received Import Request.
  Time since last request: 0.340687 seconds.
  path: Assets/TutorialInfo
  artifactKey: Guid(ba062aa6c92b140379dbc06b43dd3b9b) Importer(PreviewImporter)
Start importing Assets/TutorialInfo using Guid(ba062aa6c92b140379dbc06b43dd3b9b) Importer(PreviewImporter)  -> (artifact id: 'a314f99fbeb2019c6d5902fc4a2a8c03') in 0.000315 seconds
Number of asset objects unloaded after import = 0
========================================================================
Received Import Request.
  Time since last request: 1159.331295 seconds.
  path: Assets/Scripts/Core/Bundle/AssetAddressConfig.asset
  artifactKey: Guid(3a0995cab1e8cd840bfddbd0beca42ba) Importer(PreviewImporter)
Start importing Assets/Scripts/Core/Bundle/AssetAddressConfig.asset using Guid(3a0995cab1e8cd840bfddbd0beca42ba) Importer(PreviewImporter)  -> (artifact id: '587f906316d30d3a353a0c5c5d73f364') in 0.047305 seconds
Number of asset objects unloaded after import = 1
========================================================================
Received Import Request.
  Time since last request: 43.841969 seconds.
  path: Assets/Scripts/Core/Bundle
  artifactKey: Guid(e42d9573bf1b6824bbc016bc0f967554) Importer(PreviewImporter)
Start importing Assets/Scripts/Core/Bundle using Guid(e42d9573bf1b6824bbc016bc0f967554) Importer(PreviewImporter)  -> (artifact id: '7bae1dcd7982a9d67ac5bde8caf9931f') in 0.000886 seconds
Number of asset objects unloaded after import = 0
========================================================================
Received Import Request.
  Time since last request: 10.205252 seconds.
  path: Assets/Scripts/Core/Bundle/PreloadGroupConfig.asset
  artifactKey: Guid(1815ecbb29da51f4a960f4d3a69bef18) Importer(PreviewImporter)
Start importing Assets/Scripts/Core/Bundle/PreloadGroupConfig.asset using Guid(1815ecbb29da51f4a960f4d3a69bef18) Importer(PreviewImporter)  -> (artifact id: '85a8ebfb1b13e1c6197876ad5fea775c') in 0.002071 seconds
Number of asset objects unloaded after import = 1
========================================================================
Received Import Request.
  Time since last request: 169.935218 seconds.
  path: Assets/Env
  artifactKey: Guid(68955883853dc6142a5414508db16c13) Importer(PreviewImporter)
Start importing Assets/Env using Guid(68955883853dc6142a5414508db16c13) Importer(PreviewImporter)  -> (artifact id: '8b5063541b3df2ce05d88be8c35330e3') in 0.001116 seconds
Number of asset objects unloaded after import = 0
========================================================================
Received Import Request.
  Time since last request: 23.044750 seconds.
  path: Assets/Env/PreloadGroupConfig.asset
  artifactKey: Guid(1815ecbb29da51f4a960f4d3a69bef18) Importer(PreviewImporter)
Start importing Assets/Env/PreloadGroupConfig.asset using Guid(1815ecbb29da51f4a960f4d3a69bef18) Importer(PreviewImporter)  -> (artifact id: '849fe7268d9aed593878cb47c37ea3d8') in 0.001342 seconds
Number of asset objects unloaded after import = 1
========================================================================
Received Import Request.
  Time since last request: 0.327233 seconds.
  path: Assets/Env/AssetAddressConfig.asset
  artifactKey: Guid(3a0995cab1e8cd840bfddbd0beca42ba) Importer(PreviewImporter)
Start importing Assets/Env/AssetAddressConfig.asset using Guid(3a0995cab1e8cd840bfddbd0beca42ba) Importer(PreviewImporter)  -> (artifact id: 'a6896eab2ebdcee79e8c62062e1d4ea6') in 0.001048 seconds
Number of asset objects unloaded after import = 1
========================================================================
Received Import Request.
  Time since last request: 868.686599 seconds.
  path: Assets/Editor
  artifactKey: Guid(ac2a7cd7bf2726647be54b6c8862e46c) Importer(PreviewImporter)
Start importing Assets/Editor using Guid(ac2a7cd7bf2726647be54b6c8862e46c) Importer(PreviewImporter)  -> (artifact id: '4cb9bb9182c5a5629f49bb6e67c546d6') in 0.000498 seconds
Number of asset objects unloaded after import = 0
========================================================================
Received Prepare
Refreshing native plugins compatible for Editor in 3.10 ms, found 3 plugins.
Preloading 0 native plugins for Editor in 0.00 ms.
Unloading 25 Unused Serialized files (Serialized files now loaded: 0)
Unloading 25 unused Assets / (1.4 MB). Loaded Objects now: 5527.
Memory consumption went from 102.8 MB to 101.4 MB.
Total: 9.244600 ms (FindLiveObjects: 1.068500 ms CreateObjectMapping: 0.120300 ms MarkObjects: 7.201400 ms  DeleteObjects: 0.853200 ms)

AssetImportParameters requested are different than current active one (requested -> active):
  custom:scripting/monoscript/fileName/SkewTextExample.cs: c142d02d70a129e0533975f7c2f96956 -> 
  custom:container-demuxer-ogg: 62fdf1f143b41e24485cea50d1cbac27 -> 
  custom:scripting/monoscript/fileName/TMP_TextEventHandler.cs: f5cd9d5a43bfefc8f4fec80e6de896a4 -> 
  custom:scripting/monoscript/fileName/TextMeshProFloatingText.cs: 92608fa4a6315cd0786d82205e77b697 -> 
  custom:scripting/monoscript/fileName/PreloadGroupConfig.cs: e9812a9f7b6f8c8d7c2f919b55b71883 -> 
  custom:scripting/monoscript/fileName/BundleDebugModels.cs: 4e5bf18ce9e3fe5346b835c212a0b2a4 -> 
  custom:scripting/monoscript/fileName/VertexZoom.cs: 650ab1e81d40126e3edcf737cce646e4 -> 
  custom:scripting/monoscript/fileName/IBundlePackageService.cs: f1805bca724acd091c04daffc1cb2b94 -> 
  custom:video-codec-MediaFoundation-h265: 746d11721c4dcdbdad8f713fa42b33f4 -> 
  custom:scripting/monoscript/fileName/VertexShakeA.cs: 63ec564c588058369499638dd899e05b -> 
  custom:scripting/monoscript/fileName/TMP_ExampleScript_01.cs: a9d4be556104ff54e7d240529b3e01dc -> 
  custom:video-decoder-ogg-theora: a1e56fd34408186e4bbccfd4996cb3dc -> 
  custom:scripting/monoscript/fileName/TMP_TextEventCheck.cs: 13505d917eab5868c435e0c2986dadfa -> 
  custom:scripting/monoscript/fileName/TMP_TextSelector_B.cs: ba2be21a7486d37b1011342977a2e49d -> 
  custom:scripting/monoscript/fileName/Benchmark01.cs: 2d3e2cd961730ab95f139a49a673bace -> 
  custom:framework-win-MediaFoundation: 216162199b28c13a410421893ffa2e32 -> 
  custom:scripting/monoscript/fileName/Benchmark02.cs: 5640963252ce70910e726415f869ced6 -> 
  custom:scripting/monoscript/fileName/DropdownSample.cs: 0a92251794e5f10400149f96c3c59e5d -> 
  custom:scripting/monoscript/fileName/WarpTextExample.cs: 2663459c266363641981c7d17b698d7f -> 
  custom:scripting/monoscript/fileName/PreloadService.cs: 33626fbef981e65bdd8ef83607a6439f -> 
  custom:CustomObjectIndexerAttribute: f1b99f4b41accd8c7519ffbcf00fecd9 -> 
  custom:scripting/monoscript/fileName/AssetHandle.cs: 90647cc400823b41df847a6cbfc29026 -> 
  custom:container-demuxer-webm: 4f35f7cbe854078d1ac9338744f61a02 -> 
  custom:scripting/monoscript/fileName/ChatController.cs: 876d5ccae6e345dd5d9450eb0a748f16 -> 
  custom:scripting/monoscript/fileName/BundlePathUtility.cs: 7fa04dcd192d9057c7e3d84aba0854c2 -> 
  custom:scripting/monoscript/fileName/TextMeshSpawner.cs: 76f28e2ddb031571e6ec62b018f65fa8 -> 
  custom:scripting/monoscript/fileName/TeleType.cs: 31fa97821c4c70f157ec81d507aa6b62 -> 
  custom:scripting/monoscript/fileName/AssetBundleBuilder.cs: f90071032889d449e02b0343491e2b27 -> 
  custom:scripting/monoscript/fileName/Benchmark04.cs: 32220b148620e52aa81c13a114862bf4 -> 
  custom:container-muxer-webm: aa71ff27fc2769a1b78a27578f13a17b -> 
  custom:scripting/monoscript/fileName/LocalBundlePackageService.cs: 0f59d2817fd6fb81f32ca266102d9bac -> 
  custom:video-decoder-webm-vp8: 9c59270c3fd7afecdb556c50c9e8de78 -> 
  custom:scripting/monoscript/fileName/TMP_PhoneNumberValidator.cs: 7c3049f481e464c6a9a15dee56c3126f -> 
  custom:SearchIndexIgnoredProperties: e643bd26f0fe6173181afceb89e7c659 -> 
  custom:AudioImporter_EditorPlatform: d09bf68614088b80899f8185d706f6e7 -> 
  custom:scripting/monoscript/fileName/EnvMapAnimator.cs: 1b4f61c17e4b7283c3ac351aacff9d26 -> 
  custom:scripting/monoscript/fileName/PreloadGroupConfigValidator.cs: 1d04f2331f5c110bfed45a1e9d757c49 -> 
  custom:scripting/monoscript/fileName/ShaderPropAnimator.cs: 55ce425812446482e623ff2695c94cb2 -> 
  custom:scripting/monoscript/fileName/SimpleScript.cs: 454caab0c6c050f29b39d82e1d66d0fa -> 
  custom:scripting/monoscript/fileName/ObjectSpin.cs: 2b96bb2079dd7fa5108d981627a28e1e -> 
  custom:scripting/monoscript/fileName/CameraController.cs: 1daac0040b3fce2177f6ca4f90eb8c5b -> 90f26c7c63924735c23c826b8a781463
  custom:scripting/monoscript/fileName/TMP_TextInfoDebugTool.cs: 3f1709cfb2cc628169113a35b5e9be3f -> 
  custom:scripting/monoscript/fileName/AssetBundleManager.cs: 5aaf74286d70af8c767710bad82274b4 -> 
  custom:scripting/monoscript/fileName/AssetAddressConfig.cs: 0c531e8aec5cf745c6bdd2e36b520b61 -> 
  custom:scripting/monoscript/fileName/AssetAddressConfigValidator.cs: d53fb8343e9c87689279833861cf1f62 -> 
  custom:scripting/monoscript/fileName/TMP_TextSelector_A.cs: 347309a09d56e367b188a6978f75b424 -> 
  custom:video-encoder-webm-vp8: eb34c28f22e8b96e1ab97ce403110664 -> 
  custom:audio-decoder-ogg-vorbis: bf7c407c2cedff20999df2af8eb42d56 -> 
  custom:scripting/monoscript/fileName/VertexJitter.cs: d27eb5498e48714a66aece98da065133 -> 
  custom:scripting/monoscript/fileName/TextConsoleSimulator.cs: 33fc311abb20b5b0ed8f00e4d86b574e -> 
  custom:scripting/monoscript/fileName/VertexColorCycler.cs: 5f984ca91cf3609293aecc6bc5641572 -> 
  custom:scripting/monoscript/fileName/TMP_FrameRateCounter.cs: 46f655df8cb483ac5958307137b1585a -> 
  custom:scripting/monoscript/fileName/VertexShakeB.cs: a6f78c4fcda1a29a1a1c1baefedba9e7 -> 
  custom:scripting/monoscript/fileName/SceneAddress.cs: beff69220f8ab8f37ac61e4072b9b750 -> 
  custom:scripting/monoscript/fileName/TMP_UiFrameRateCounter.cs: b01021aea19247f14a98ab338907956a -> 
  custom:scripting/monoscript/fileName/GameAssetService.cs: aecd6f08ab0fc564a870ac749f83e970 -> 
  custom:scripting/monoscript/fileName/AssetAddress.cs: 0a267fa0df9d3606b2bf0b2f98412595 -> 
  custom:scripting/monoscript/fileName/TMPro_InstructionOverlay.cs: b626d2270e6ebd5c4311585c18b58d8d -> 
  custom:scripting/monoscript/fileName/BundleLogger.cs: da04ded7d151e33e43f117741536d806 -> 
  custom:scripting/monoscript/fileName/TMP_DigitValidator.cs: ac02af96215ae3951a3cce9e1a8c6085 -> 
  custom:audio-encoder-webm-vorbis: bf7c407c2cedff20999df2af8eb42d56 -> 
  custom:scripting/monoscript/fileName/Benchmark01_UGUI.cs: 6148cfe2627b7708298f301788144139 -> 
  custom:scripting/monoscript/fileName/BundleSceneLoader.cs: 25a8c6f6a4a99f43207c8fd423c4d3c3 -> 
  custom:scripting/monoscript/fileName/BundleException.cs: cd8393b1c526862d51ae517d9996b031 -> 
  custom:scripting/precompiled-assembly-types:Assembly-CSharp: 8d14014cab7c4cceeb4a5856c74c2d62 -> 20cdaaa988618e7c32f4baf96f88c255
  custom:scripting/monoscript/fileName/Benchmark03.cs: 17cc87e0529ac71d909a946afb47a274 -> 
========================================================================
Received Import Request.
  Time since last request: 2437.485938 seconds.
  path: Assets/GameAssets/UI/Login/Prefab/Login.prefab
  artifactKey: Guid(761a06c663800b646afd7ad8c4aad5fd) Importer(PreviewImporter)
Start importing Assets/GameAssets/UI/Login/Prefab/Login.prefab using Guid(761a06c663800b646afd7ad8c4aad5fd) Importer(PreviewImporter)  -> (artifact id: '60cf3601d318ce110794f34a4ee8af0e') in 0.071048 seconds
Number of asset objects unloaded after import = 11
========================================================================
Received Import Request.
  Time since last request: 14.769335 seconds.
  path: Assets/StreamingAssets/AssetBundles/Win64/Win64
  artifactKey: Guid(8f07c5c978a7d684187ddcefda30fb19) Importer(PreviewImporter)
Start importing Assets/StreamingAssets/AssetBundles/Win64/Win64 using Guid(8f07c5c978a7d684187ddcefda30fb19) Importer(PreviewImporter)  -> (artifact id: '345973de2f9cf3b7eb6d5aa38445930f') in 0.010500 seconds
Number of asset objects unloaded after import = 1
========================================================================
Received Import Request.
  Time since last request: 1.064894 seconds.
  path: Assets/StreamingAssets/AssetBundles/Win64/Win64.manifest
  artifactKey: Guid(11467be0a7b5cca4092acaa84760061c) Importer(PreviewImporter)
Start importing Assets/StreamingAssets/AssetBundles/Win64/Win64.manifest using Guid(11467be0a7b5cca4092acaa84760061c) Importer(PreviewImporter)  -> (artifact id: '0fbab8176331ef6a3a8d8d0a4728864b') in 0.000621 seconds
Number of asset objects unloaded after import = 1
========================================================================
Received Import Request.
  Time since last request: 0.841750 seconds.
  path: Assets/StreamingAssets/AssetBundles/Win64/gameassets
  artifactKey: Guid(a8dcdf48bf886524f8932942dea7ec8d) Importer(PreviewImporter)
Start importing Assets/StreamingAssets/AssetBundles/Win64/gameassets using Guid(a8dcdf48bf886524f8932942dea7ec8d) Importer(PreviewImporter)  -> (artifact id: '99e0f7b27f8cc0cb0661c091509dc9a7') in 0.000325 seconds
Number of asset objects unloaded after import = 0
========================================================================
Received Import Request.
  Time since last request: 7.911548 seconds.
  path: Assets/StreamingAssets/AssetBundles/Win64/gameassets/ui
  artifactKey: Guid(f54eb1da1baf9ab47b959980aa0ba2f6) Importer(PreviewImporter)
Start importing Assets/StreamingAssets/AssetBundles/Win64/gameassets/ui using Guid(f54eb1da1baf9ab47b959980aa0ba2f6) Importer(PreviewImporter)  -> (artifact id: '33c4b9d5e518156b96c0fba5568a3a39') in 0.000305 seconds
Number of asset objects unloaded after import = 0
========================================================================
Received Import Request.
  Time since last request: 3.363085 seconds.
  path: Assets/StreamingAssets/AssetBundles/Win64/gameassets/ui/login.manifest
  artifactKey: Guid(2b93bad8617d5964ca1fd9232a0eb8c9) Importer(PreviewImporter)
Start importing Assets/StreamingAssets/AssetBundles/Win64/gameassets/ui/login.manifest using Guid(2b93bad8617d5964ca1fd9232a0eb8c9) Importer(PreviewImporter)  -> (artifact id: 'd926e4454f7dd032bbc040ae7c13948a') in 0.001025 seconds
Number of asset objects unloaded after import = 1
========================================================================
Received Import Request.
  Time since last request: 5.611378 seconds.
  path: Assets/StreamingAssets/AssetBundles/Win64/gameassets/ui/login
  artifactKey: Guid(ac9ef0581f02ae1469de30d97dd002ee) Importer(PreviewImporter)
Start importing Assets/StreamingAssets/AssetBundles/Win64/gameassets/ui/login using Guid(ac9ef0581f02ae1469de30d97dd002ee) Importer(PreviewImporter)  -> (artifact id: '8cf1f1573e4ce86625a0e3070dfd1b29') in 0.010047 seconds
Number of asset objects unloaded after import = 1
========================================================================
Received Import Request.
  Time since last request: 105.685380 seconds.
  path: Assets/GameAssets/UI/Main
  artifactKey: Guid(7f3be4c3262831642962c7ac57acb2cc) Importer(PreviewImporter)
Start importing Assets/GameAssets/UI/Main using Guid(7f3be4c3262831642962c7ac57acb2cc) Importer(PreviewImporter)  -> (artifact id: 'e6c0bcbc9698783e3e4980cd26adefc3') in 0.000460 seconds
Number of asset objects unloaded after import = 0
========================================================================
Received Import Request.
  Time since last request: 21.999408 seconds.
  path: Assets/GameAssets/UI/Main/Prefab
  artifactKey: Guid(6f7b97e865c85384dacf91863a3c3bc6) Importer(PreviewImporter)
Start importing Assets/GameAssets/UI/Main/Prefab using Guid(6f7b97e865c85384dacf91863a3c3bc6) Importer(PreviewImporter)  -> (artifact id: 'b5554328bc43b1f134daa38b73b7c295') in 0.000328 seconds
Number of asset objects unloaded after import = 0
========================================================================
Received Import Request.
  Time since last request: 8.361440 seconds.
  path: Assets/GameAssets/UI/Main/Atlas
  artifactKey: Guid(6f16f38012820014bbfdbda6ce4619e4) Importer(PreviewImporter)
Start importing Assets/GameAssets/UI/Main/Atlas using Guid(6f16f38012820014bbfdbda6ce4619e4) Importer(PreviewImporter)  -> (artifact id: '72bbf080e4584eb0fd2bc2abff0f7c84') in 0.000298 seconds
Number of asset objects unloaded after import = 0
========================================================================
Received Import Request.
  Time since last request: 5.843349 seconds.
  path: Assets/GameAssets/UI/Main/Prefab/Canvas.prefab
  artifactKey: Guid(f50ed4e291e2506499152ae4e0320d64) Importer(PreviewImporter)
Start importing Assets/GameAssets/UI/Main/Prefab/Canvas.prefab using Guid(f50ed4e291e2506499152ae4e0320d64) Importer(PreviewImporter)  -> (artifact id: 'dbdc33b35c4c737011c557e182d7f632') in 0.002041 seconds
Number of asset objects unloaded after import = 11
========================================================================
Received Import Request.
  Time since last request: 5.369069 seconds.
  path: Assets/GameAssets/UI/Main/Prefab/Main.prefab
  artifactKey: Guid(f50ed4e291e2506499152ae4e0320d64) Importer(PreviewImporter)
Start importing Assets/GameAssets/UI/Main/Prefab/Main.prefab using Guid(f50ed4e291e2506499152ae4e0320d64) Importer(PreviewImporter)  -> (artifact id: '64877dfa43619e785f578ea4ad9468b1') in 0.001221 seconds
Number of asset objects unloaded after import = 11
========================================================================
Received Prepare
Refreshing native plugins compatible for Editor in 2.19 ms, found 3 plugins.
Preloading 0 native plugins for Editor in 0.00 ms.
Unloading 25 Unused Serialized files (Serialized files now loaded: 0)
Unloading 25 unused Assets / (1.4 MB). Loaded Objects now: 5527.
Memory consumption went from 103.0 MB to 101.6 MB.
Total: 2.249400 ms (FindLiveObjects: 0.173500 ms CreateObjectMapping: 0.065200 ms MarkObjects: 1.718600 ms  DeleteObjects: 0.291500 ms)

AssetImportParameters requested are different than current active one (requested -> active):
  custom:scripting/monoscript/fileName/SkewTextExample.cs: c142d02d70a129e0533975f7c2f96956 -> 
  custom:container-demuxer-ogg: 62fdf1f143b41e24485cea50d1cbac27 -> 
  custom:scripting/monoscript/fileName/TMP_TextEventHandler.cs: f5cd9d5a43bfefc8f4fec80e6de896a4 -> 
  custom:scripting/monoscript/fileName/TextMeshProFloatingText.cs: 92608fa4a6315cd0786d82205e77b697 -> 
  custom:scripting/monoscript/fileName/PreloadGroupConfig.cs: e9812a9f7b6f8c8d7c2f919b55b71883 -> 
  custom:scripting/monoscript/fileName/BundleDebugModels.cs: 4e5bf18ce9e3fe5346b835c212a0b2a4 -> 
  custom:scripting/monoscript/fileName/VertexZoom.cs: 650ab1e81d40126e3edcf737cce646e4 -> 
  custom:scripting/monoscript/fileName/IBundlePackageService.cs: f1805bca724acd091c04daffc1cb2b94 -> 
  custom:video-codec-MediaFoundation-h265: 746d11721c4dcdbdad8f713fa42b33f4 -> 
  custom:scripting/monoscript/fileName/VertexShakeA.cs: 63ec564c588058369499638dd899e05b -> 
  custom:scripting/monoscript/fileName/TMP_ExampleScript_01.cs: a9d4be556104ff54e7d240529b3e01dc -> 
  custom:video-decoder-ogg-theora: a1e56fd34408186e4bbccfd4996cb3dc -> 
  custom:scripting/monoscript/fileName/TMP_TextEventCheck.cs: 13505d917eab5868c435e0c2986dadfa -> 
  custom:scripting/monoscript/fileName/TMP_TextSelector_B.cs: ba2be21a7486d37b1011342977a2e49d -> 
  custom:scripting/monoscript/fileName/Benchmark01.cs: 2d3e2cd961730ab95f139a49a673bace -> 
  custom:framework-win-MediaFoundation: 216162199b28c13a410421893ffa2e32 -> 
  custom:scripting/monoscript/fileName/Benchmark02.cs: 5640963252ce70910e726415f869ced6 -> 
  custom:scripting/monoscript/fileName/DropdownSample.cs: 0a92251794e5f10400149f96c3c59e5d -> 
  custom:scripting/monoscript/fileName/WarpTextExample.cs: 2663459c266363641981c7d17b698d7f -> 
  custom:scripting/monoscript/fileName/PreloadService.cs: 33626fbef981e65bdd8ef83607a6439f -> 
  custom:CustomObjectIndexerAttribute: f1b99f4b41accd8c7519ffbcf00fecd9 -> 
  custom:scripting/monoscript/fileName/AssetHandle.cs: 90647cc400823b41df847a6cbfc29026 -> 
  custom:container-demuxer-webm: 4f35f7cbe854078d1ac9338744f61a02 -> 
  custom:scripting/monoscript/fileName/ChatController.cs: 876d5ccae6e345dd5d9450eb0a748f16 -> 
  custom:scripting/monoscript/fileName/BundlePathUtility.cs: 7fa04dcd192d9057c7e3d84aba0854c2 -> 
  custom:scripting/monoscript/fileName/TextMeshSpawner.cs: 76f28e2ddb031571e6ec62b018f65fa8 -> 
  custom:scripting/monoscript/fileName/TeleType.cs: 31fa97821c4c70f157ec81d507aa6b62 -> 
  custom:scripting/monoscript/fileName/AssetBundleBuilder.cs: f90071032889d449e02b0343491e2b27 -> 
  custom:scripting/monoscript/fileName/Benchmark04.cs: 32220b148620e52aa81c13a114862bf4 -> 
  custom:container-muxer-webm: aa71ff27fc2769a1b78a27578f13a17b -> 
  custom:scripting/monoscript/fileName/LocalBundlePackageService.cs: 0f59d2817fd6fb81f32ca266102d9bac -> 
  custom:video-decoder-webm-vp8: 9c59270c3fd7afecdb556c50c9e8de78 -> 
  custom:scripting/monoscript/fileName/TMP_PhoneNumberValidator.cs: 7c3049f481e464c6a9a15dee56c3126f -> 
  custom:SearchIndexIgnoredProperties: e643bd26f0fe6173181afceb89e7c659 -> 
  custom:AudioImporter_EditorPlatform: d09bf68614088b80899f8185d706f6e7 -> 
  custom:scripting/monoscript/fileName/EnvMapAnimator.cs: 1b4f61c17e4b7283c3ac351aacff9d26 -> 
  custom:scripting/monoscript/fileName/PreloadGroupConfigValidator.cs: 1d04f2331f5c110bfed45a1e9d757c49 -> 
  custom:scripting/monoscript/fileName/ShaderPropAnimator.cs: 55ce425812446482e623ff2695c94cb2 -> 
  custom:scripting/monoscript/fileName/SimpleScript.cs: 454caab0c6c050f29b39d82e1d66d0fa -> 
  custom:scripting/monoscript/fileName/ObjectSpin.cs: 2b96bb2079dd7fa5108d981627a28e1e -> 
  custom:scripting/monoscript/fileName/CameraController.cs: 1daac0040b3fce2177f6ca4f90eb8c5b -> 90f26c7c63924735c23c826b8a781463
  custom:scripting/monoscript/fileName/TMP_TextInfoDebugTool.cs: 3f1709cfb2cc628169113a35b5e9be3f -> 
  custom:scripting/monoscript/fileName/AssetBundleManager.cs: 5aaf74286d70af8c767710bad82274b4 -> 
  custom:scripting/monoscript/fileName/AssetAddressConfig.cs: 0c531e8aec5cf745c6bdd2e36b520b61 -> 
  custom:scripting/monoscript/fileName/AssetAddressConfigValidator.cs: d53fb8343e9c87689279833861cf1f62 -> 
  custom:scripting/monoscript/fileName/TMP_TextSelector_A.cs: 347309a09d56e367b188a6978f75b424 -> 
  custom:video-encoder-webm-vp8: eb34c28f22e8b96e1ab97ce403110664 -> 
  custom:audio-decoder-ogg-vorbis: bf7c407c2cedff20999df2af8eb42d56 -> 
  custom:scripting/monoscript/fileName/VertexJitter.cs: d27eb5498e48714a66aece98da065133 -> 
  custom:scripting/monoscript/fileName/TextConsoleSimulator.cs: 33fc311abb20b5b0ed8f00e4d86b574e -> 
  custom:scripting/monoscript/fileName/VertexColorCycler.cs: 5f984ca91cf3609293aecc6bc5641572 -> 
  custom:scripting/monoscript/fileName/TMP_FrameRateCounter.cs: 46f655df8cb483ac5958307137b1585a -> 
  custom:scripting/monoscript/fileName/VertexShakeB.cs: a6f78c4fcda1a29a1a1c1baefedba9e7 -> 
  custom:scripting/monoscript/fileName/SceneAddress.cs: beff69220f8ab8f37ac61e4072b9b750 -> 
  custom:scripting/monoscript/fileName/TMP_UiFrameRateCounter.cs: b01021aea19247f14a98ab338907956a -> 
  custom:scripting/monoscript/fileName/GameAssetService.cs: aecd6f08ab0fc564a870ac749f83e970 -> 
  custom:scripting/monoscript/fileName/AssetAddress.cs: 0a267fa0df9d3606b2bf0b2f98412595 -> 
  custom:scripting/monoscript/fileName/TMPro_InstructionOverlay.cs: b626d2270e6ebd5c4311585c18b58d8d -> 
  custom:scripting/monoscript/fileName/BundleLogger.cs: da04ded7d151e33e43f117741536d806 -> 
  custom:scripting/monoscript/fileName/TMP_DigitValidator.cs: ac02af96215ae3951a3cce9e1a8c6085 -> 
  custom:audio-encoder-webm-vorbis: bf7c407c2cedff20999df2af8eb42d56 -> 
  custom:scripting/monoscript/fileName/Benchmark01_UGUI.cs: 6148cfe2627b7708298f301788144139 -> 
  custom:scripting/monoscript/fileName/BundleSceneLoader.cs: 25a8c6f6a4a99f43207c8fd423c4d3c3 -> 
  custom:scripting/monoscript/fileName/BundleException.cs: cd8393b1c526862d51ae517d9996b031 -> 
  custom:scripting/precompiled-assembly-types:Assembly-CSharp: 8d14014cab7c4cceeb4a5856c74c2d62 -> 20cdaaa988618e7c32f4baf96f88c255
  custom:scripting/monoscript/fileName/Benchmark03.cs: 17cc87e0529ac71d909a946afb47a274 -> 
========================================================================
Received Prepare
Refreshing native plugins compatible for Editor in 1.61 ms, found 3 plugins.
Preloading 0 native plugins for Editor in 0.00 ms.
Unloading 25 Unused Serialized files (Serialized files now loaded: 0)
Unloading 25 unused Assets / (1.4 MB). Loaded Objects now: 5527.
Memory consumption went from 103.1 MB to 101.7 MB.
Total: 2.304300 ms (FindLiveObjects: 0.191800 ms CreateObjectMapping: 0.094900 ms MarkObjects: 1.724500 ms  DeleteObjects: 0.292300 ms)

AssetImportParameters requested are different than current active one (requested -> active):
  custom:scripting/monoscript/fileName/SkewTextExample.cs: c142d02d70a129e0533975f7c2f96956 -> 
  custom:container-demuxer-ogg: 62fdf1f143b41e24485cea50d1cbac27 -> 
  custom:scripting/monoscript/fileName/TMP_TextEventHandler.cs: f5cd9d5a43bfefc8f4fec80e6de896a4 -> 
  custom:scripting/monoscript/fileName/TextMeshProFloatingText.cs: 92608fa4a6315cd0786d82205e77b697 -> 
  custom:scripting/monoscript/fileName/PreloadGroupConfig.cs: e9812a9f7b6f8c8d7c2f919b55b71883 -> 
  custom:scripting/monoscript/fileName/BundleDebugModels.cs: 4e5bf18ce9e3fe5346b835c212a0b2a4 -> 
  custom:scripting/monoscript/fileName/VertexZoom.cs: 650ab1e81d40126e3edcf737cce646e4 -> 
  custom:scripting/monoscript/fileName/IBundlePackageService.cs: f1805bca724acd091c04daffc1cb2b94 -> 
  custom:video-codec-MediaFoundation-h265: 746d11721c4dcdbdad8f713fa42b33f4 -> 
  custom:scripting/monoscript/fileName/VertexShakeA.cs: 63ec564c588058369499638dd899e05b -> 
  custom:scripting/monoscript/fileName/TMP_ExampleScript_01.cs: a9d4be556104ff54e7d240529b3e01dc -> 
  custom:video-decoder-ogg-theora: a1e56fd34408186e4bbccfd4996cb3dc -> 
  custom:scripting/monoscript/fileName/TMP_TextEventCheck.cs: 13505d917eab5868c435e0c2986dadfa -> 
  custom:scripting/monoscript/fileName/TMP_TextSelector_B.cs: ba2be21a7486d37b1011342977a2e49d -> 
  custom:scripting/monoscript/fileName/Benchmark01.cs: 2d3e2cd961730ab95f139a49a673bace -> 
  custom:framework-win-MediaFoundation: 216162199b28c13a410421893ffa2e32 -> 
  custom:scripting/monoscript/fileName/Benchmark02.cs: 5640963252ce70910e726415f869ced6 -> 
  custom:scripting/monoscript/fileName/DropdownSample.cs: 0a92251794e5f10400149f96c3c59e5d -> 
  custom:scripting/monoscript/fileName/WarpTextExample.cs: 2663459c266363641981c7d17b698d7f -> 
  custom:scripting/monoscript/fileName/PreloadService.cs: 33626fbef981e65bdd8ef83607a6439f -> 
  custom:CustomObjectIndexerAttribute: f1b99f4b41accd8c7519ffbcf00fecd9 -> 
  custom:scripting/monoscript/fileName/AssetHandle.cs: 90647cc400823b41df847a6cbfc29026 -> 
  custom:container-demuxer-webm: 4f35f7cbe854078d1ac9338744f61a02 -> 
  custom:scripting/monoscript/fileName/ChatController.cs: 876d5ccae6e345dd5d9450eb0a748f16 -> 
  custom:scripting/monoscript/fileName/BundlePathUtility.cs: 7fa04dcd192d9057c7e3d84aba0854c2 -> 
  custom:scripting/monoscript/fileName/TextMeshSpawner.cs: 76f28e2ddb031571e6ec62b018f65fa8 -> 
  custom:scripting/monoscript/fileName/TeleType.cs: 31fa97821c4c70f157ec81d507aa6b62 -> 
  custom:scripting/monoscript/fileName/AssetBundleBuilder.cs: f90071032889d449e02b0343491e2b27 -> 
  custom:scripting/monoscript/fileName/Benchmark04.cs: 32220b148620e52aa81c13a114862bf4 -> 
  custom:container-muxer-webm: aa71ff27fc2769a1b78a27578f13a17b -> 
  custom:scripting/monoscript/fileName/LocalBundlePackageService.cs: 0f59d2817fd6fb81f32ca266102d9bac -> 
  custom:video-decoder-webm-vp8: 9c59270c3fd7afecdb556c50c9e8de78 -> 
  custom:scripting/monoscript/fileName/TMP_PhoneNumberValidator.cs: 7c3049f481e464c6a9a15dee56c3126f -> 
  custom:SearchIndexIgnoredProperties: e643bd26f0fe6173181afceb89e7c659 -> 
  custom:AudioImporter_EditorPlatform: d09bf68614088b80899f8185d706f6e7 -> 
  custom:scripting/monoscript/fileName/EnvMapAnimator.cs: 1b4f61c17e4b7283c3ac351aacff9d26 -> 
  custom:scripting/monoscript/fileName/PreloadGroupConfigValidator.cs: 1d04f2331f5c110bfed45a1e9d757c49 -> 
  custom:scripting/monoscript/fileName/ShaderPropAnimator.cs: 55ce425812446482e623ff2695c94cb2 -> 
  custom:scripting/monoscript/fileName/SimpleScript.cs: 454caab0c6c050f29b39d82e1d66d0fa -> 
  custom:scripting/monoscript/fileName/ObjectSpin.cs: 2b96bb2079dd7fa5108d981627a28e1e -> 
  custom:scripting/monoscript/fileName/CameraController.cs: 1daac0040b3fce2177f6ca4f90eb8c5b -> 90f26c7c63924735c23c826b8a781463
  custom:scripting/monoscript/fileName/TMP_TextInfoDebugTool.cs: 3f1709cfb2cc628169113a35b5e9be3f -> 
  custom:scripting/monoscript/fileName/AssetBundleManager.cs: 5aaf74286d70af8c767710bad82274b4 -> 
  custom:scripting/monoscript/fileName/AssetAddressConfig.cs: 0c531e8aec5cf745c6bdd2e36b520b61 -> 
  custom:scripting/monoscript/fileName/AssetAddressConfigValidator.cs: d53fb8343e9c87689279833861cf1f62 -> 
  custom:scripting/monoscript/fileName/TMP_TextSelector_A.cs: 347309a09d56e367b188a6978f75b424 -> 
  custom:video-encoder-webm-vp8: eb34c28f22e8b96e1ab97ce403110664 -> 
  custom:audio-decoder-ogg-vorbis: bf7c407c2cedff20999df2af8eb42d56 -> 
  custom:scripting/monoscript/fileName/VertexJitter.cs: d27eb5498e48714a66aece98da065133 -> 
  custom:scripting/monoscript/fileName/TextConsoleSimulator.cs: 33fc311abb20b5b0ed8f00e4d86b574e -> 
  custom:scripting/monoscript/fileName/VertexColorCycler.cs: 5f984ca91cf3609293aecc6bc5641572 -> 
  custom:scripting/monoscript/fileName/TMP_FrameRateCounter.cs: 46f655df8cb483ac5958307137b1585a -> 
  custom:scripting/monoscript/fileName/VertexShakeB.cs: a6f78c4fcda1a29a1a1c1baefedba9e7 -> 
  custom:scripting/monoscript/fileName/SceneAddress.cs: beff69220f8ab8f37ac61e4072b9b750 -> 
  custom:scripting/monoscript/fileName/TMP_UiFrameRateCounter.cs: b01021aea19247f14a98ab338907956a -> 
  custom:scripting/monoscript/fileName/GameAssetService.cs: aecd6f08ab0fc564a870ac749f83e970 -> 
  custom:scripting/monoscript/fileName/AssetAddress.cs: 0a267fa0df9d3606b2bf0b2f98412595 -> 
  custom:scripting/monoscript/fileName/TMPro_InstructionOverlay.cs: b626d2270e6ebd5c4311585c18b58d8d -> 
  custom:scripting/monoscript/fileName/BundleLogger.cs: da04ded7d151e33e43f117741536d806 -> 
  custom:scripting/monoscript/fileName/TMP_DigitValidator.cs: ac02af96215ae3951a3cce9e1a8c6085 -> 
  custom:audio-encoder-webm-vorbis: bf7c407c2cedff20999df2af8eb42d56 -> 
  custom:scripting/monoscript/fileName/Benchmark01_UGUI.cs: 6148cfe2627b7708298f301788144139 -> 
  custom:scripting/monoscript/fileName/BundleSceneLoader.cs: 25a8c6f6a4a99f43207c8fd423c4d3c3 -> 
  custom:scripting/monoscript/fileName/BundleException.cs: cd8393b1c526862d51ae517d9996b031 -> 
  custom:scripting/precompiled-assembly-types:Assembly-CSharp: 8d14014cab7c4cceeb4a5856c74c2d62 -> 20cdaaa988618e7c32f4baf96f88c255
  custom:scripting/monoscript/fileName/Benchmark03.cs: 17cc87e0529ac71d909a946afb47a274 -> 
========================================================================
Received Import Request.
  Time since last request: 76.350102 seconds.
  path: Assets/GameAssets/UI/Main/Prefab/Main.prefab
  artifactKey: Guid(f50ed4e291e2506499152ae4e0320d64) Importer(PreviewImporter)
Start importing Assets/GameAssets/UI/Main/Prefab/Main.prefab using Guid(f50ed4e291e2506499152ae4e0320d64) Importer(PreviewImporter)  -> (artifact id: 'afd89e7729fff74b2b137b141fb667ca') in 0.001295 seconds
Number of asset objects unloaded after import = 11
